<?xml version="1.0" encoding="UTF-8"?>
<!-- Generated by org.testng.reporters.JUnitXMLReporter -->
<testsuite hostname="LAPTOP-U08S3ANA" ignored="0" name="Default test" tests="3" failures="0" timestamp="01 Jul 2020 19:35:25 GMT" time="13.441" errors="0">
  <testcase name="verifySignUpLinkTest" time="4.448" classname="com.qa.hubspot.testcases.LoginPageTest"/>
  <testcase name="verifyLoginPageTitleTest" time="0.015" classname="com.qa.hubspot.testcases.LoginPageTest"/>
  <testcase name="LoginTest" time="0.807" classname="com.qa.hubspot.testcases.LoginPageTest"/>
</testsuite> <!-- Default test -->
