<?xml version="1.0" encoding="UTF-8"?>
<!-- Generated by org.testng.reporters.JUnitXMLReporter -->
<testsuite hostname="LAPTOP-U08S3ANA" ignored="0" name="HomePage Test" tests="3" failures="0" timestamp="01 Jul 2020 19:55:43 GMT" time="43.318" errors="0">
  <testcase name="verifyHomePageHeaderTest" time="10.115" classname="com.qa.hubspot.testcases.HomePageTest"/>
  <testcase name="verifyLoggedInUserTest" time="0.64" classname="com.qa.hubspot.testcases.HomePageTest"/>
  <testcase name="verifyHomePageTitleTest" time="0.031" classname="com.qa.hubspot.testcases.HomePageTest"/>
</testsuite> <!-- HomePage Test -->
