<?xml version="1.0" encoding="UTF-8"?>
<!-- Generated by org.testng.reporters.JUnitXMLReporter -->
<testsuite hostname="LAPTOP-U08S3ANA" ignored="0" name="HomePage Test" tests="3" failures="0" timestamp="07 Jul 2020 16:04:10 GMT" time="21.13" errors="0">
  <testcase name="verifyHomePageHeaderTest" time="3.711" classname="com.qa.hubspot.testcases.HomePageTest"/>
  <testcase name="verifyLoggedInUserTest" time="0.306" classname="com.qa.hubspot.testcases.HomePageTest"/>
  <testcase name="verifyHomePageTitleTest" time="0.028" classname="com.qa.hubspot.testcases.HomePageTest"/>
</testsuite> <!-- HomePage Test -->
