<?xml version="1.0" encoding="UTF-8"?>
<!-- Generated by org.testng.reporters.JUnitXMLReporter -->
<testsuite hostname="LAPTOP-U08S3ANA" ignored="0" name="LoginPage Test" tests="3" failures="0" timestamp="01 Jul 2020 19:55:33 GMT" time="33.313" errors="0">
  <testcase name="verifySignUpLinkTest" time="9.555" classname="com.qa.hubspot.testcases.LoginPageTest"/>
  <testcase name="verifyLoginPageTitleTest" time="0.155" classname="com.qa.hubspot.testcases.LoginPageTest"/>
  <testcase name="LoginTest" time="3.397" classname="com.qa.hubspot.testcases.LoginPageTest"/>
</testsuite> <!-- LoginPage Test -->
