<?xml version="1.0" encoding="UTF-8"?>
<!-- Generated by org.testng.reporters.JUnitXMLReporter -->
<testsuite hostname="LAPTOP-U08S3ANA" ignored="0" name="LoginPage Test" tests="3" failures="0" timestamp="07 Jul 2020 16:04:06 GMT" time="17.499" errors="0">
  <testcase name="verifySignUpLinkTest" time="5.792" classname="com.qa.hubspot.testcases.LoginPageTest"/>
  <testcase name="verifyLoginPageTitleTest" time="0.085" classname="com.qa.hubspot.testcases.LoginPageTest"/>
  <testcase name="LoginTest" time="1.099" classname="com.qa.hubspot.testcases.LoginPageTest"/>
</testsuite> <!-- LoginPage Test -->
